
========================[ Mar 7, 2011  4:16 PM ]========================
Version 2.2.19 [Nov-02-2008]
Started database file "/export/home/blastdbs/userdbs/nevoband_20110307160203.fas"
Formatted 1287 sequences in volume 0
SUCCESS: formatted database nevoband_20110307160203.fas

========================[ Mar 7, 2011  4:16 PM ]========================
Version 2.2.19 [Nov-02-2008]
Started database file "/export/home/blastdbs/userdbs/nevoband_20110307160203.fas"
Formatted 1287 sequences in volume 0
SUCCESS: formatted database nevoband_20110307160203.fas

========================[ Mar 7, 2011  4:19 PM ]========================
Version 2.2.19 [Nov-02-2008]
Started database file "/export/home/blastdbs/userdbs/nevoband_20110307160203.fas"
Formatted 1287 sequences in volume 0
SUCCESS: formatted database nevoband_20110307160203.fas

========================[ Mar 7, 2011  4:20 PM ]========================
Version 2.2.19 [Nov-02-2008]
Started database file "/export/home/blastdbs/userdbs/nevoband_20110307160203.fas"
Formatted 1287 sequences in volume 0
SUCCESS: formatted database nevoband_20110307160203.fas

========================[ Mar 7, 2011  4:21 PM ]========================
Version 2.2.19 [Nov-02-2008]
Started database file "/export/home/blastdbs/userdbs/nevoband_20110307160203.fas"
Formatted 1287 sequences in volume 0
SUCCESS: formatted database /export/home/blastdbs/userdbs/nevoband_20110307160203.fas
