compute-0-0: 
compute-0-1: 
compute-0-2: 
compute-0-3: 
compute-0-4: 
compute-0-5: 
compute-0-6: 
compute-0-7: 
compute-0-8: 
compute-0-9: 
compute-0-10: 
compute-0-11: 
compute-0-12: 
compute-0-13: 
compute-0-14: 
compute-0-15: 
compute-0-16: 
compute-0-17: 
compute-0-18: 
compute-0-19: 
compute-0-20: 
compute-0-21: 
compute-0-22: 
compute-0-23: 


Connected to NCBI
cluster-fork mv -f /state/partition1/blastdbs/* /state/partition1/backupdbs/compute-0-0: 
compute-0-1: 
compute-0-2: 
compute-0-3: 
compute-0-4: 
compute-0-5: 
compute-0-6: 
compute-0-7: 
compute-0-8: 
compute-0-9: 
compute-0-10: 
compute-0-11: 
compute-0-12: 
compute-0-13: 
compute-0-14: 
compute-0-15: 
compute-0-16: 
compute-0-17: 
compute-0-18: 
compute-0-19: 
compute-0-20: 
compute-0-21: 
compute-0-22: 
compute-0-23: 


cluster-fork mv -f /state/partition1/rsyncdbs/* /state/partition1/blastdbs/compute-0-0: 
compute-0-1: 
compute-0-2: 
compute-0-3: 
compute-0-4: 
compute-0-5: 
compute-0-6: 
compute-0-7: 
compute-0-8: 
compute-0-9: 
compute-0-10: 
compute-0-11: 
compute-0-12: 
compute-0-13: 
compute-0-14: 
compute-0-15: 
compute-0-16: 
compute-0-17: 
compute-0-18: 
compute-0-19: 
compute-0-20: 
compute-0-21: 
compute-0-22: 
compute-0-23: 

Send email of success